[0.005s] Invoking command in '/home/thornch/qdesign_ros2/build/qdesign_ros2': CMAKE_PREFIX_PATH=${CMAKE_PREFIX_PATH}:/opt/ros/humble /usr/bin/cmake /home/thornch/qdesign_ros2 -DCMAKE_INSTALL_PREFIX=/home/thornch/qdesign_ros2/install/qdesign_ros2
[0.014s] -- Found ament_cmake: 1.3.11 (/opt/ros/humble/share/ament_cmake/cmake)
[0.164s] -- Override CMake install command with custom implementation using symlinks instead of copying resources
[0.168s] -- Found rclcpp: 16.0.11 (/opt/ros/humble/share/rclcpp/cmake)
[0.185s] -- Found rosidl_generator_c: 3.1.6 (/opt/ros/humble/share/rosidl_generator_c/cmake)
[0.187s] -- Found rosidl_adapter: 3.1.6 (/opt/ros/humble/share/rosidl_adapter/cmake)
[0.190s] -- Found rosidl_generator_cpp: 3.1.6 (/opt/ros/humble/share/rosidl_generator_cpp/cmake)
[0.195s] -- Using all available rosidl_typesupport_c: rosidl_typesupport_fastrtps_c;rosidl_typesupport_introspection_c
[0.202s] -- Using all available rosidl_typesupport_cpp: rosidl_typesupport_fastrtps_cpp;rosidl_typesupport_introspection_cpp
[0.222s] -- Found rmw_implementation_cmake: 6.1.2 (/opt/ros/humble/share/rmw_implementation_cmake/cmake)
[0.223s] -- Found rmw_fastrtps_cpp: 6.2.7 (/opt/ros/humble/share/rmw_fastrtps_cpp/cmake)
[0.281s] -- Using RMW implementation 'rmw_fastrtps_cpp' as default
[0.313s] -- Found sensor_msgs: 4.2.4 (/opt/ros/humble/share/sensor_msgs/cmake)
[0.333s] -- Found cv_bridge: 3.2.1 (/opt/ros/humble/share/cv_bridge/cmake)
[0.382s] -- Configuring done (0.4s)
[0.407s] -- Generating done (0.0s)
[0.409s] -- Build files have been written to: /home/thornch/qdesign_ros2/build/qdesign_ros2
[0.414s] Invoked command in '/home/thornch/qdesign_ros2/build/qdesign_ros2' returned '0': CMAKE_PREFIX_PATH=${CMAKE_PREFIX_PATH}:/opt/ros/humble /usr/bin/cmake /home/thornch/qdesign_ros2 -DCMAKE_INSTALL_PREFIX=/home/thornch/qdesign_ros2/install/qdesign_ros2
[0.415s] Invoking command in '/home/thornch/qdesign_ros2/build/qdesign_ros2': CMAKE_PREFIX_PATH=${CMAKE_PREFIX_PATH}:/opt/ros/humble /usr/bin/cmake --build /home/thornch/qdesign_ros2/build/qdesign_ros2 -- -j24 -l24
[0.437s] [  0%] Built target qt_realsense_node_autogen_timestamp_deps
[0.437s] [  0%] Built target realsense_camera_node_autogen_timestamp_deps
[0.465s] [  9%] [34m[1mAutomatic MOC and UIC for target realsense_camera_node[0m
[0.473s] [ 18%] [34m[1mAutomatic MOC and UIC for target qt_realsense_node[0m
[0.476s] [ 18%] Built target realsense_camera_node_autogen
[0.492s] [ 54%] Built target realsense_camera_node
[0.732s] [ 54%] Built target qt_realsense_node_autogen
[0.755s] [ 63%] [32mBuilding CXX object CMakeFiles/qt_realsense_node.dir/qt_realsense_node_autogen/mocs_compilation.cpp.o[0m
[0.755s] [ 81%] [32mBuilding CXX object CMakeFiles/qt_realsense_node.dir/src/DialogController.cpp.o[0m
[0.755s] [ 81%] [32mBuilding CXX object CMakeFiles/qt_realsense_node.dir/src/main.cpp.o[0m
[3.072s] [01m[K/home/thornch/qdesign_ros2/src/DialogController.cpp:[m[K In member function â€˜[01m[Kvoid DialogController::updateFrame(const cv::Mat&)[m[Kâ€™:
[3.072s] [01m[K/home/thornch/qdesign_ros2/src/DialogController.cpp:121:21:[m[K [01;31m[Kerror: [m[Kvariable â€˜[01m[KQPainter painter[m[Kâ€™ has initializer but incomplete type
[3.072s]   121 |     QPainter painter[01;31m[K([m[K&background);
[3.072s]       |                     [01;31m[K^[m[K
[4.667s] gmake[2]: *** [CMakeFiles/qt_realsense_node.dir/build.make:114: CMakeFiles/qt_realsense_node.dir/src/DialogController.cpp.o] Error 1
[4.667s] gmake[1]: *** [CMakeFiles/Makefile2:159: CMakeFiles/qt_realsense_node.dir/all] Error 2
[4.667s] gmake: *** [Makefile:146: all] Error 2
[4.669s] Invoked command in '/home/thornch/qdesign_ros2/build/qdesign_ros2' returned '2': CMAKE_PREFIX_PATH=${CMAKE_PREFIX_PATH}:/opt/ros/humble /usr/bin/cmake --build /home/thornch/qdesign_ros2/build/qdesign_ros2 -- -j24 -l24
