-- Found ament_cmake: 1.3.11 (/opt/ros/humble/share/ament_cmake/cmake)
-- Override CMake install command with custom implementation using symlinks instead of copying resources
-- Found rclcpp: 16.0.11 (/opt/ros/humble/share/rclcpp/cmake)
-- Found rosidl_generator_c: 3.1.6 (/opt/ros/humble/share/rosidl_generator_c/cmake)
-- Found rosidl_adapter: 3.1.6 (/opt/ros/humble/share/rosidl_adapter/cmake)
-- Found rosidl_generator_cpp: 3.1.6 (/opt/ros/humble/share/rosidl_generator_cpp/cmake)
-- Using all available rosidl_typesupport_c: rosidl_typesupport_fastrtps_c;rosidl_typesupport_introspection_c
-- Using all available rosidl_typesupport_cpp: rosidl_typesupport_fastrtps_cpp;rosidl_typesupport_introspection_cpp
-- Found rmw_implementation_cmake: 6.1.2 (/opt/ros/humble/share/rmw_implementation_cmake/cmake)
-- Found rmw_fastrtps_cpp: 6.2.7 (/opt/ros/humble/share/rmw_fastrtps_cpp/cmake)
-- Using RMW implementation 'rmw_fastrtps_cpp' as default
-- Found sensor_msgs: 4.2.4 (/opt/ros/humble/share/sensor_msgs/cmake)
-- Found cv_bridge: 3.2.1 (/opt/ros/humble/share/cv_bridge/cmake)
-- Configuring done (0.4s)
-- Generating done (0.0s)
-- Build files have been written to: /home/thornch/qdesign_ros2/build/qdesign_ros2
[  0%] Built target qt_realsense_node_autogen_timestamp_deps
[  0%] Built target realsense_camera_node_autogen_timestamp_deps
[  9%] [34m[1mAutomatic MOC and UIC for target realsense_camera_node[0m
[ 18%] [34m[1mAutomatic MOC and UIC for target qt_realsense_node[0m
[ 18%] Built target realsense_camera_node_autogen
[ 27%] [32mBuilding CXX object CMakeFiles/realsense_camera_node.dir/realsense_camera_node_autogen/mocs_compilation.cpp.o[0m
[ 36%] [32mBuilding CXX object CMakeFiles/realsense_camera_node.dir/launch/launch_camera.cpp.o[0m
[01m[K/home/thornch/qdesign_ros2/launch/launch_camera.cpp:2:10:[m[K [01;31m[Kfatal error: [m[Kcamera_node.hpp: No such file or directory
    2 | #include [01;31m[K"camera_node.hpp"[m[K
      |          [01;31m[K^~~~~~~~~~~~~~~~~[m[K
compilation terminated.
gmake[2]: *** [CMakeFiles/realsense_camera_node.dir/build.make:100: CMakeFiles/realsense_camera_node.dir/launch/launch_camera.cpp.o] Error 1
gmake[1]: *** [CMakeFiles/Makefile2:191: CMakeFiles/realsense_camera_node.dir/all] Error 2
gmake[1]: *** Waiting for unfinished jobs....
[ 36%] Built target qt_realsense_node_autogen
gmake: *** [Makefile:146: all] Error 2
