[0.005s] Invoking command in '/home/thornch/qdesign_ros2/build/qdesign_ros2': CMAKE_PREFIX_PATH=${CMAKE_PREFIX_PATH}:/opt/ros/humble /usr/bin/cmake /home/thornch/qdesign_ros2 -DAMENT_CMAKE_SYMLINK_INSTALL=1 -DCMAKE_INSTALL_PREFIX=/home/thornch/qdesign_ros2/install/qdesign_ros2
[0.013s] -- Found ament_cmake: 1.3.11 (/opt/ros/humble/share/ament_cmake/cmake)
[0.162s] -- Override CMake install command with custom implementation using symlinks instead of copying resources
[0.171s] -- Found rclcpp: 16.0.11 (/opt/ros/humble/share/rclcpp/cmake)
[0.190s] -- Found rosidl_generator_c: 3.1.6 (/opt/ros/humble/share/rosidl_generator_c/cmake)
[0.192s] -- Found rosidl_adapter: 3.1.6 (/opt/ros/humble/share/rosidl_adapter/cmake)
[0.195s] -- Found rosidl_generator_cpp: 3.1.6 (/opt/ros/humble/share/rosidl_generator_cpp/cmake)
[0.201s] -- Using all available rosidl_typesupport_c: rosidl_typesupport_fastrtps_c;rosidl_typesupport_introspection_c
[0.208s] -- Using all available rosidl_typesupport_cpp: rosidl_typesupport_fastrtps_cpp;rosidl_typesupport_introspection_cpp
[0.228s] -- Found rmw_implementation_cmake: 6.1.2 (/opt/ros/humble/share/rmw_implementation_cmake/cmake)
[0.228s] -- Found rmw_fastrtps_cpp: 6.2.7 (/opt/ros/humble/share/rmw_fastrtps_cpp/cmake)
[0.285s] -- Using RMW implementation 'rmw_fastrtps_cpp' as default
[0.318s] -- Found sensor_msgs: 4.2.4 (/opt/ros/humble/share/sensor_msgs/cmake)
[0.339s] -- Found cv_bridge: 3.2.1 (/opt/ros/humble/share/cv_bridge/cmake)
[0.391s] -- Configuring done (0.4s)
[0.415s] -- Generating done (0.0s)
[0.417s] -- Build files have been written to: /home/thornch/qdesign_ros2/build/qdesign_ros2
[0.423s] Invoked command in '/home/thornch/qdesign_ros2/build/qdesign_ros2' returned '0': CMAKE_PREFIX_PATH=${CMAKE_PREFIX_PATH}:/opt/ros/humble /usr/bin/cmake /home/thornch/qdesign_ros2 -DAMENT_CMAKE_SYMLINK_INSTALL=1 -DCMAKE_INSTALL_PREFIX=/home/thornch/qdesign_ros2/install/qdesign_ros2
[0.424s] Invoking command in '/home/thornch/qdesign_ros2/build/qdesign_ros2': CMAKE_PREFIX_PATH=${CMAKE_PREFIX_PATH}:/opt/ros/humble /usr/bin/cmake --build /home/thornch/qdesign_ros2/build/qdesign_ros2 -- -j24 -l24
[0.465s] [  0%] Built target qt_realsense_node_autogen_timestamp_deps
[0.465s] [  0%] Built target realsense_camera_node_autogen_timestamp_deps
[0.485s] [  9%] [34m[1mAutomatic MOC and UIC for target realsense_camera_node[0m
[0.501s] [ 18%] [34m[1mAutomatic MOC and UIC for target qt_realsense_node[0m
[0.517s] [ 18%] Built target realsense_camera_node_autogen
[0.532s] [ 27%] [32mBuilding CXX object CMakeFiles/realsense_camera_node.dir/realsense_camera_node_autogen/mocs_compilation.cpp.o[0m
[0.532s] [ 36%] [32mBuilding CXX object CMakeFiles/realsense_camera_node.dir/launch/launch_camera.cpp.o[0m
[0.629s] [01m[K/home/thornch/qdesign_ros2/launch/launch_camera.cpp:2:10:[m[K [01;31m[Kfatal error: [m[Kcamera_node.hpp: No such file or directory
[0.629s]     2 | #include [01;31m[K"camera_node.hpp"[m[K
[0.629s]       |          [01;31m[K^~~~~~~~~~~~~~~~~[m[K
[0.629s] compilation terminated.
[0.631s] gmake[2]: *** [CMakeFiles/realsense_camera_node.dir/build.make:100: CMakeFiles/realsense_camera_node.dir/launch/launch_camera.cpp.o] Error 1
[0.631s] gmake[1]: *** [CMakeFiles/Makefile2:191: CMakeFiles/realsense_camera_node.dir/all] Error 2
[0.631s] gmake[1]: *** Waiting for unfinished jobs....
[0.761s] [ 36%] Built target qt_realsense_node_autogen
[0.761s] gmake: *** [Makefile:146: all] Error 2
[0.763s] Invoked command in '/home/thornch/qdesign_ros2/build/qdesign_ros2' returned '2': CMAKE_PREFIX_PATH=${CMAKE_PREFIX_PATH}:/opt/ros/humble /usr/bin/cmake --build /home/thornch/qdesign_ros2/build/qdesign_ros2 -- -j24 -l24
