[0.005s] Invoking command in '/home/thornch/qdesign_ros2/build/qdesign_ros2': CMAKE_PREFIX_PATH=${CMAKE_PREFIX_PATH}:/opt/ros/humble /usr/bin/cmake --build /home/thornch/qdesign_ros2/build/qdesign_ros2 -- -j24 -l24
[0.028s] [  0%] Built target qt_realsense_node_autogen_timestamp_deps
[0.028s] [  0%] Built target realsense_camera_node_autogen_timestamp_deps
[0.065s] [  9%] [34m[1mAutomatic MOC and UIC for target realsense_camera_node[0m
[0.069s] [ 18%] Built target qt_realsense_node_autogen
[0.085s] [ 18%] Built target realsense_camera_node_autogen
[0.107s] [ 27%] [32mBuilding CXX object CMakeFiles/realsense_camera_node.dir/launch/launch_camera.cpp.o[0m
[0.110s] [ 72%] Built target qt_realsense_node
[1.290s] In file included from [01m[K/home/thornch/qdesign_ros2/launch/launch_camera.cpp:2[m[K:
[1.290s] [01m[K/home/thornch/qdesign_ros2/launch/include/camera_node.hpp:[m[K In member function â€˜[01m[Kvoid realsense_launch::CameraNode::publish_frame(const rs2::frame&, const SharedPtr&, const string&)[m[Kâ€™:
[1.290s] [01m[K/home/thornch/qdesign_ros2/launch/include/camera_node.hpp:81:29:[m[K [01;31m[Kerror: [m[Kâ€˜[01m[Kconst class rs2::frame[m[Kâ€™ has no member named â€˜[01m[Kget_height[m[Kâ€™
[1.290s]    81 |         msg->height = frame.[01;31m[Kget_height[m[K();
[1.290s]       |                             [01;31m[K^~~~~~~~~~[m[K
[1.290s] [01m[K/home/thornch/qdesign_ros2/launch/include/camera_node.hpp:82:28:[m[K [01;31m[Kerror: [m[Kâ€˜[01m[Kconst class rs2::frame[m[Kâ€™ has no member named â€˜[01m[Kget_width[m[Kâ€™
[1.290s]    82 |         msg->width = frame.[01;31m[Kget_width[m[K();
[1.290s]       |                            [01;31m[K^~~~~~~~~[m[K
[1.290s] [01m[K/home/thornch/qdesign_ros2/launch/include/camera_node.hpp:85:27:[m[K [01;31m[Kerror: [m[Kâ€˜[01m[Kconst class rs2::frame[m[Kâ€™ has no member named â€˜[01m[Kget_stride_in_bytes[m[Kâ€™
[1.290s]    85 |         msg->step = frame.[01;31m[Kget_stride_in_bytes[m[K();
[1.290s]       |                           [01;31m[K^~~~~~~~~~~~~~~~~~~[m[K
[1.290s] [01m[K/home/thornch/qdesign_ros2/launch/include/camera_node.hpp:87:40:[m[K [01;31m[Kerror: [m[Kâ€˜[01m[Kconst class rs2::frame[m[Kâ€™ has no member named â€˜[01m[Kget_stride_in_bytes[m[Kâ€™
[1.290s]    87 |         const size_t data_size = frame.[01;31m[Kget_stride_in_bytes[m[K() * frame.get_height();
[1.290s]       |                                        [01;31m[K^~~~~~~~~~~~~~~~~~~[m[K
[1.290s] [01m[K/home/thornch/qdesign_ros2/launch/include/camera_node.hpp:87:70:[m[K [01;31m[Kerror: [m[Kâ€˜[01m[Kconst class rs2::frame[m[Kâ€™ has no member named â€˜[01m[Kget_height[m[Kâ€™
[1.290s]    87 |         const size_t data_size = frame.get_stride_in_bytes() * frame.[01;31m[Kget_height[m[K();
[1.290s]       |                                                                      [01;31m[K^~~~~~~~~~[m[K
[1.790s] gmake[2]: *** [CMakeFiles/realsense_camera_node.dir/build.make:100: CMakeFiles/realsense_camera_node.dir/launch/launch_camera.cpp.o] Error 1
[1.790s] gmake[1]: *** [CMakeFiles/Makefile2:191: CMakeFiles/realsense_camera_node.dir/all] Error 2
[1.790s] gmake: *** [Makefile:146: all] Error 2
[1.792s] Invoked command in '/home/thornch/qdesign_ros2/build/qdesign_ros2' returned '2': CMAKE_PREFIX_PATH=${CMAKE_PREFIX_PATH}:/opt/ros/humble /usr/bin/cmake --build /home/thornch/qdesign_ros2/build/qdesign_ros2 -- -j24 -l24
