[0.006s] Invoking command in '/home/thornch/qdesign_ros2/build/qdesign_ros2': CMAKE_PREFIX_PATH=${CMAKE_PREFIX_PATH}:/opt/ros/humble /usr/bin/cmake --build /home/thornch/qdesign_ros2/build/qdesign_ros2 -- -j24 -l24
[0.028s] [  0%] Built target qt_realsense_node_autogen_timestamp_deps
[0.028s] [  0%] Built target realsense_camera_node_autogen_timestamp_deps
[0.058s] [  9%] Built target realsense_camera_node_autogen
[0.074s] [ 18%] [34m[1mAutomatic MOC and UIC for target qt_realsense_node[0m
[0.095s] [ 54%] Built target realsense_camera_node
[0.104s] [ 54%] Built target qt_realsense_node_autogen
[0.177s] [ 63%] [32mBuilding CXX object CMakeFiles/qt_realsense_node.dir/src/DialogController.cpp.o[0m
[2.270s] [01m[K/home/thornch/qdesign_ros2/src/DialogController.cpp:[m[K In member function â€˜[01m[Kvoid DialogController::updateFrame(const cv::Mat&)[m[Kâ€™:
[2.270s] [01m[K/home/thornch/qdesign_ros2/src/DialogController.cpp:121:21:[m[K [01;31m[Kerror: [m[Kvariable â€˜[01m[KQPainter painter[m[Kâ€™ has initializer but incomplete type
[2.270s]   121 |     QPainter painter[01;31m[K([m[K&background);
[2.270s]       |                     [01;31m[K^[m[K
[3.822s] gmake[2]: *** [CMakeFiles/qt_realsense_node.dir/build.make:114: CMakeFiles/qt_realsense_node.dir/src/DialogController.cpp.o] Error 1
[3.822s] gmake[1]: *** [CMakeFiles/Makefile2:159: CMakeFiles/qt_realsense_node.dir/all] Error 2
[3.822s] gmake: *** [Makefile:146: all] Error 2
[3.824s] Invoked command in '/home/thornch/qdesign_ros2/build/qdesign_ros2' returned '2': CMAKE_PREFIX_PATH=${CMAKE_PREFIX_PATH}:/opt/ros/humble /usr/bin/cmake --build /home/thornch/qdesign_ros2/build/qdesign_ros2 -- -j24 -l24
