[0.006s] Invoking command in '/home/thornch/qdesign_ros2/build/qdesign_ros2': CMAKE_PREFIX_PATH=${CMAKE_PREFIX_PATH}:/opt/ros/humble /usr/bin/cmake --build /home/thornch/qdesign_ros2/build/qdesign_ros2 -- -j24 -l24
[0.026s] [  0%] Built target realsense_camera_node_autogen_timestamp_deps
[0.026s] [  0%] Built target qt_realsense_node_autogen_timestamp_deps
[0.058s] [  9%] [34m[1mAutomatic MOC and UIC for target realsense_camera_node[0m
[0.074s] [  9%] Built target realsense_camera_node_autogen
[0.078s] [ 18%] Built target qt_realsense_node_autogen
[0.099s] [ 27%] [32mBuilding CXX object CMakeFiles/realsense_camera_node.dir/launch/launch_camera.cpp.o[0m
[0.115s] [ 36%] [32mBuilding CXX object CMakeFiles/qt_realsense_node.dir/qt_realsense_node_autogen/mocs_compilation.cpp.o[0m
[0.116s] [ 45%] [32mBuilding CXX object CMakeFiles/qt_realsense_node.dir/src/main.cpp.o[0m
[0.116s] [ 54%] [32mBuilding CXX object CMakeFiles/qt_realsense_node.dir/src/DialogController.cpp.o[0m
[0.207s] In file included from [01m[K/home/thornch/qdesign_ros2/launch/launch_camera.cpp:2[m[K:
[0.207s] [01m[K/home/thornch/qdesign_ros2/launch/include/camera_node.hpp:4:10:[m[K [01;31m[Kfatal error: [m[Krs2_camera.hpp: No such file or directory
[0.207s]     4 | #include [01;31m[K"rs2_camera.hpp"[m[K
[0.207s]       |          [01;31m[K^~~~~~~~~~~~~~~~[m[K
[0.207s] compilation terminated.
[0.209s] gmake[2]: *** [CMakeFiles/realsense_camera_node.dir/build.make:100: CMakeFiles/realsense_camera_node.dir/launch/launch_camera.cpp.o] Error 1
[0.209s] gmake[1]: *** [CMakeFiles/Makefile2:191: CMakeFiles/realsense_camera_node.dir/all] Error 2
[0.209s] gmake[1]: *** Waiting for unfinished jobs....
[5.320s] [ 63%] [32m[1mLinking CXX executable qt_realsense_node[0m
[5.735s] /usr/bin/ld: warning: libopencv_imgcodecs.so.4.5d, needed by /opt/ros/humble/lib/libcv_bridge.so, may conflict with libopencv_imgcodecs.so.410
[5.736s] /usr/bin/ld: warning: libopencv_core.so.4.5d, needed by /opt/ros/humble/lib/libcv_bridge.so, may conflict with libopencv_core.so.410
[6.021s] [ 72%] Built target qt_realsense_node
[6.022s] gmake: *** [Makefile:146: all] Error 2
[6.024s] Invoked command in '/home/thornch/qdesign_ros2/build/qdesign_ros2' returned '2': CMAKE_PREFIX_PATH=${CMAKE_PREFIX_PATH}:/opt/ros/humble /usr/bin/cmake --build /home/thornch/qdesign_ros2/build/qdesign_ros2 -- -j24 -l24
